--------------------------------- Version Log ----------------------------------
Version                                 Path
System Generator 2018.2                 D:/Xinlinx_Software/Vivado/2018.2
Matlab 9.3.0.713579 (R2017b)            C:\Program Files\MATLAB\R2017b
Vivado 2018.2                           D:/Xinlinx_Software/Vivado/2018.2
--------------------------------------------------------------------------------
Summary of Errors:
Error 0001: Illegal data rate
     Block: 'Final_Design_Updated/Black Box4'
--------------------------------------------------------------------------------

Error 0001:

Reported by:
  'Final_Design_Updated/Black Box4'

Details:
The data rate on the "PCSTALL" output port port of this block grew
to over 1,000 times faster than the system rate, as defined on
the System Generator token. Consequently, rate and type
propagation was aborted.

Check for unstable feedback through this block via rate-changing
blocks, or for an improper period setting on the block, on
upstream blocks, or on the System Generator token.
--------------------------------------------------------------------------------
